<?xml version="1.0" encoding="UTF-8"?>
<!-- Generated by org.testng.reporters.JUnitXMLReporter -->
<testsuite ignored="0" hostname="AcerNitro" failures="0" tests="12" name="Default test" time="4.148" errors="0" timestamp="2025-02-04T11:13:57 IST">
  <testcase classname="DataDriven.Excel.ExcelTest" name="Extractdata" time="0.176"/>
  <testcase classname="DataDriven.Excel.ExcelTest" name="Extractdata" time="0.132"/>
  <testcase classname="DataDriven.Excel.ExcelTest" name="Extractdata" time="0.109"/>
  <testcase classname="DataDriven.Excel.ExcelTest" name="Extractdata" time="0.131"/>
  <testcase classname="DataDriven.Excel.ExcelTest" name="Extractdata" time="0.091"/>
  <testcase classname="DataDriven.Excel.ExcelTest" name="Extractdata" time="0.085"/>
  <testcase classname="DataDriven.Excel.ExcelTest" name="printFilteredData" time="0.01"/>
  <testcase classname="DataDriven.Excel.ExcelTest" name="printFilteredData" time="0.004"/>
  <testcase classname="DataDriven.Excel.ExcelTest" name="printFilteredData" time="0.004"/>
  <testcase classname="DataDriven.Excel.ExcelTest" name="printFilteredData" time="0.006"/>
  <testcase classname="DataDriven.Excel.ExcelTest" name="printFilteredData" time="0.004"/>
  <testcase classname="DataDriven.Excel.ExcelTest" name="printFilteredData" time="0.01"/>
</testsuite> <!-- Default test -->
