<?xml version="1.0" encoding="UTF-8"?>
<!-- Generated by org.testng.reporters.JUnitXMLReporter -->
<testsuite ignored="0" hostname="AcerNitro" failures="1" tests="12" name="Test" time="1.357" errors="0" timestamp="2025-02-02T02:01:45 IST">
  <testcase classname="DataDriven.Excel.ExcelTest" name="fillform" time="0.013"/>
  <testcase classname="DataDriven.Excel.ExcelTest" name="fillform" time="0.003"/>
  <testcase classname="DataDriven.Excel.ExcelTest" name="fillform" time="0.002"/>
  <testcase classname="DataDriven.Excel.ExcelTest" name="fillform" time="0.002"/>
  <testcase classname="DataDriven.Excel.ExcelTest" name="fillform" time="0.001"/>
  <testcase classname="DataDriven.Excel.ExcelTest" name="fillform" time="0.113">
    <failure type="org.testng.internal.reflect.MethodMatcherException" message="
[public void DataDriven.Excel.ExcelTest.fillform(java.lang.String,java.lang.String,java.lang.String,java.lang.String,java.lang.String,java.lang.String,java.lang.String,java.lang.String,java.lang.String,java.lang.String)] has no parameters defined but was found to be using a data provider (either explicitly specified or inherited from class level annotation).
Data provider mismatch
Method: fillform([Parameter{index=0, type=java.lang.String, declaredAnnotations=[]}, Parameter{index=1, type=java.lang.String, declaredAnnotations=[]}, Parameter{index=2, type=java.lang.String, declaredAnnotations=[]}, Parameter{index=3, type=java.lang.String, declaredAnnotations=[]}, Parameter{index=4, type=java.lang.String, declaredAnnotations=[]}, Parameter{index=5, type=java.lang.String, declaredAnnotations=[]}, Parameter{index=6, type=java.lang.String, declaredAnnotations=[]}, Parameter{index=7, type=java.lang.String, declaredAnnotations=[]}, Parameter{index=8, type=java.lang.String, declaredAnnotations=[]}, Parameter{index=9, type=java.lang.String, declaredAnnotations=[]}])
Arguments: [(java.lang.String) ,(java.lang.String) TC-07,(java.lang.String) Some Scenario7,(java.lang.String) ,(java.lang.String) ,(java.lang.String) Parent-O,(java.lang.String) N]">
      <![CDATA[org.testng.internal.reflect.MethodMatcherException: 
[public void DataDriven.Excel.ExcelTest.fillform(java.lang.String,java.lang.String,java.lang.String,java.lang.String,java.lang.String,java.lang.String,java.lang.String,java.lang.String,java.lang.String,java.lang.String)] has no parameters defined but was found to be using a data provider (either explicitly specified or inherited from class level annotation).
Data provider mismatch
Method: fillform([Parameter{index=0, type=java.lang.String, declaredAnnotations=[]}, Parameter{index=1, type=java.lang.String, declaredAnnotations=[]}, Parameter{index=2, type=java.lang.String, declaredAnnotations=[]}, Parameter{index=3, type=java.lang.String, declaredAnnotations=[]}, Parameter{index=4, type=java.lang.String, declaredAnnotations=[]}, Parameter{index=5, type=java.lang.String, declaredAnnotations=[]}, Parameter{index=6, type=java.lang.String, declaredAnnotations=[]}, Parameter{index=7, type=java.lang.String, declaredAnnotations=[]}, Parameter{index=8, type=java.lang.String, declaredAnnotations=[]}, Parameter{index=9, type=java.lang.String, declaredAnnotations=[]}])
Arguments: [(java.lang.String) ,(java.lang.String) TC-07,(java.lang.String) Some Scenario7,(java.lang.String) ,(java.lang.String) ,(java.lang.String) Parent-O,(java.lang.String) N]
at java.base/java.util.ArrayList.forEach(ArrayList.java:1511)
... Removed 22 stack frames]]>
    </failure>
  </testcase> <!-- fillform -->
  <testcase classname="DataDriven.Excel.ExcelTest" name="printFilteredData" time="0.003"/>
  <testcase classname="DataDriven.Excel.ExcelTest" name="printFilteredData" time="0.001"/>
  <testcase classname="DataDriven.Excel.ExcelTest" name="printFilteredData" time="0.002"/>
  <testcase classname="DataDriven.Excel.ExcelTest" name="printFilteredData" time="0.002"/>
  <testcase classname="DataDriven.Excel.ExcelTest" name="printFilteredData" time="0.001"/>
  <testcase classname="DataDriven.Excel.ExcelTest" name="printFilteredData" time="0.002"/>
</testsuite> <!-- Test -->
