<?xml version="1.0" encoding="UTF-8"?>
<testng-results ignored="0" total="1" passed="1" failed="0" skipped="0">
  <reporter-output>
  </reporter-output>
  <suite started-at="2025-02-03T00:45:29 IST" name="Default suite" finished-at="2025-02-03T00:45:40 IST" duration-ms="10704">
    <groups>
    </groups>
    <test started-at="2025-02-03T00:45:29 IST" name="Default test" finished-at="2025-02-03T00:45:40 IST" duration-ms="10704">
      <class name="DataDriven.Excel.ExcelTest">
        <test-method is-config="true" signature="setup()[pri:0, instance:DataDriven.Excel.ExcelTest@636be97c]" started-at="2025-02-03T00:45:30 IST" name="setup" finished-at="2025-02-03T00:45:39 IST" duration-ms="9565" status="PASS">
          <reporter-output>
          </reporter-output>
        </test-method> <!-- setup -->
        <test-method signature="useTestINAccountNames()[pri:0, instance:DataDriven.Excel.ExcelTest@636be97c]" started-at="2025-02-03T00:45:39 IST" name="useTestINAccountNames" finished-at="2025-02-03T00:45:40 IST" duration-ms="740" status="PASS">
          <reporter-output>
          </reporter-output>
        </test-method> <!-- useTestINAccountNames -->
      </class> <!-- DataDriven.Excel.ExcelTest -->
    </test> <!-- Default test -->
  </suite> <!-- Default suite -->
</testng-results>
