<?xml version="1.0" encoding="UTF-8"?>
<testng-results ignored="0" total="12" passed="12" failed="0" skipped="0">
  <reporter-output>
  </reporter-output>
  <suite started-at="2025-02-04T11:13:53 IST" name="Default suite" finished-at="2025-02-04T11:13:57 IST" duration-ms="4148">
    <groups>
    </groups>
    <test started-at="2025-02-04T11:13:53 IST" name="Default test" finished-at="2025-02-04T11:13:57 IST" duration-ms="4148">
      <class name="DataDriven.Excel.ExcelTest">
        <test-method is-config="true" signature="setup()[pri:0, instance:DataDriven.Excel.ExcelTest@30ee2816]" started-at="2025-02-04T11:13:53 IST" name="setup" finished-at="2025-02-04T11:13:56 IST" duration-ms="2956" status="PASS">
          <reporter-output>
          </reporter-output>
        </test-method> <!-- setup -->
        <test-method signature="Extractdata(java.lang.String, java.lang.String, java.lang.String, java.lang.String, java.lang.String, java.lang.String, java.lang.String, java.lang.String, java.lang.String, java.lang.String, java.lang.String, java.lang.String, java.lang.String, java.lang.String, java.lang.String, java.lang.String, java.lang.String, java.lang.String, java.lang.String, java.lang.String)[pri:0, instance:DataDriven.Excel.ExcelTest@30ee2816]" started-at="2025-02-04T11:13:56 IST" name="Extractdata" data-provider="filteredDataProvider" finished-at="2025-02-04T11:13:57 IST" duration-ms="176" status="PASS">
          <params>
            <param index="0">
              <value>
                <![CDATA[SlNo]]>
              </value>
            </param>
            <param index="1">
              <value>
                <![CDATA[TestCase]]>
              </value>
            </param>
            <param index="2">
              <value>
                <![CDATA[Scenario]]>
              </value>
            </param>
            <param index="3">
              <value>
                <![CDATA[Login_UserName]]>
              </value>
            </param>
            <param index="4">
              <value>
                <![CDATA[Proxy_Type]]>
              </value>
            </param>
            <param index="5">
              <value>
                <![CDATA[IN_AccountName]]>
              </value>
            </param>
            <param index="6">
              <value>
                <![CDATA[Skip]]>
              </value>
            </param>
            <param index="7">
              <value>
                <![CDATA[O_final_Result]]>
              </value>
            </param>
            <param index="8">
              <value>
                <![CDATA[Date]]>
              </value>
            </param>
            <param index="9">
              <value>
                <![CDATA[Time]]>
              </value>
            </param>
            <param index="10">
              <value>
                <![CDATA[IN_UpcomingVisits]]>
              </value>
            </param>
            <param index="11">
              <value>
                <![CDATA[O_UPcomingVisits]]>
              </value>
            </param>
            <param index="12">
              <value>
                <![CDATA[Up_Comments]]>
              </value>
            </param>
            <param index="13">
              <value>
                <![CDATA[IN_PastVisits]]>
              </value>
            </param>
            <param index="14">
              <value>
                <![CDATA[O_PastVisits]]>
              </value>
            </param>
            <param index="15">
              <value>
                <![CDATA[Past_Comments]]>
              </value>
            </param>
            <param index="16">
              <value>
                <![CDATA[IN_ScheduledAppointment]]>
              </value>
            </param>
            <param index="17">
              <value>
                <![CDATA[O_ScheduledAppointment]]>
              </value>
            </param>
            <param index="18">
              <value>
                <![CDATA[ScheduledAppointment_Comments]]>
              </value>
            </param>
            <param index="19">
              <value>
                <![CDATA[IN_V]]>
              </value>
            </param>
          </params>
          <reporter-output>
          </reporter-output>
        </test-method> <!-- Extractdata -->
        <test-method signature="Extractdata(java.lang.String, java.lang.String, java.lang.String, java.lang.String, java.lang.String, java.lang.String, java.lang.String, java.lang.String, java.lang.String, java.lang.String, java.lang.String, java.lang.String, java.lang.String, java.lang.String, java.lang.String, java.lang.String, java.lang.String, java.lang.String, java.lang.String, java.lang.String)[pri:0, instance:DataDriven.Excel.ExcelTest@30ee2816]" started-at="2025-02-04T11:13:57 IST" name="Extractdata" data-provider="filteredDataProvider" finished-at="2025-02-04T11:13:57 IST" duration-ms="132" status="PASS">
          <params>
            <param index="0">
              <value>
                <![CDATA[]]>
              </value>
            </param>
            <param index="1">
              <value>
                <![CDATA[TC-01]]>
              </value>
            </param>
            <param index="2">
              <value>
                <![CDATA[Some Scenario1]]>
              </value>
            </param>
            <param index="3">
              <value>
                <![CDATA[Parent]]>
              </value>
            </param>
            <param index="4">
              <value>
                <![CDATA[Parent]]>
              </value>
            </param>
            <param index="5">
              <value>
                <![CDATA[Parent]]>
              </value>
            </param>
            <param index="6">
              <value>
                <![CDATA[N]]>
              </value>
            </param>
            <param index="7">
              <value>
                <![CDATA[]]>
              </value>
            </param>
            <param index="8">
              <value>
                <![CDATA[]]>
              </value>
            </param>
            <param index="9">
              <value>
                <![CDATA[]]>
              </value>
            </param>
            <param index="10">
              <value>
                <![CDATA[Yes]]>
              </value>
            </param>
            <param index="11">
              <value>
                <![CDATA[]]>
              </value>
            </param>
            <param index="12">
              <value>
                <![CDATA[]]>
              </value>
            </param>
            <param index="13">
              <value>
                <![CDATA[Yes]]>
              </value>
            </param>
            <param index="14">
              <value>
                <![CDATA[]]>
              </value>
            </param>
            <param index="15">
              <value>
                <![CDATA[]]>
              </value>
            </param>
            <param index="16">
              <value>
                <![CDATA[Yes]]>
              </value>
            </param>
            <param index="17">
              <value>
                <![CDATA[]]>
              </value>
            </param>
            <param index="18">
              <value>
                <![CDATA[]]>
              </value>
            </param>
            <param index="19">
              <value>
                <![CDATA[Yes]]>
              </value>
            </param>
          </params>
          <reporter-output>
          </reporter-output>
        </test-method> <!-- Extractdata -->
        <test-method signature="Extractdata(java.lang.String, java.lang.String, java.lang.String, java.lang.String, java.lang.String, java.lang.String, java.lang.String, java.lang.String, java.lang.String, java.lang.String, java.lang.String, java.lang.String, java.lang.String, java.lang.String, java.lang.String, java.lang.String, java.lang.String, java.lang.String, java.lang.String, java.lang.String)[pri:0, instance:DataDriven.Excel.ExcelTest@30ee2816]" started-at="2025-02-04T11:13:57 IST" name="Extractdata" data-provider="filteredDataProvider" finished-at="2025-02-04T11:13:57 IST" duration-ms="109" status="PASS">
          <params>
            <param index="0">
              <value>
                <![CDATA[]]>
              </value>
            </param>
            <param index="1">
              <value>
                <![CDATA[TC-02]]>
              </value>
            </param>
            <param index="2">
              <value>
                <![CDATA[Some Scenario2]]>
              </value>
            </param>
            <param index="3">
              <value>
                <![CDATA[]]>
              </value>
            </param>
            <param index="4">
              <value>
                <![CDATA[]]>
              </value>
            </param>
            <param index="5">
              <value>
                <![CDATA[Parent-Teena]]>
              </value>
            </param>
            <param index="6">
              <value>
                <![CDATA[N]]>
              </value>
            </param>
            <param index="7">
              <value>
                <![CDATA[]]>
              </value>
            </param>
            <param index="8">
              <value>
                <![CDATA[]]>
              </value>
            </param>
            <param index="9">
              <value>
                <![CDATA[]]>
              </value>
            </param>
            <param index="10">
              <value>
                <![CDATA[Yes]]>
              </value>
            </param>
            <param index="11">
              <value>
                <![CDATA[]]>
              </value>
            </param>
            <param index="12">
              <value>
                <![CDATA[]]>
              </value>
            </param>
            <param index="13">
              <value>
                <![CDATA[No]]>
              </value>
            </param>
            <param index="14">
              <value>
                <![CDATA[]]>
              </value>
            </param>
            <param index="15">
              <value>
                <![CDATA[]]>
              </value>
            </param>
            <param index="16">
              <value>
                <![CDATA[No]]>
              </value>
            </param>
            <param index="17">
              <value>
                <![CDATA[]]>
              </value>
            </param>
            <param index="18">
              <value>
                <![CDATA[]]>
              </value>
            </param>
            <param index="19">
              <value>
                <![CDATA[Yes]]>
              </value>
            </param>
          </params>
          <reporter-output>
          </reporter-output>
        </test-method> <!-- Extractdata -->
        <test-method signature="Extractdata(java.lang.String, java.lang.String, java.lang.String, java.lang.String, java.lang.String, java.lang.String, java.lang.String, java.lang.String, java.lang.String, java.lang.String, java.lang.String, java.lang.String, java.lang.String, java.lang.String, java.lang.String, java.lang.String, java.lang.String, java.lang.String, java.lang.String, java.lang.String)[pri:0, instance:DataDriven.Excel.ExcelTest@30ee2816]" started-at="2025-02-04T11:13:57 IST" name="Extractdata" data-provider="filteredDataProvider" finished-at="2025-02-04T11:13:57 IST" duration-ms="131" status="PASS">
          <params>
            <param index="0">
              <value>
                <![CDATA[]]>
              </value>
            </param>
            <param index="1">
              <value>
                <![CDATA[TC-03]]>
              </value>
            </param>
            <param index="2">
              <value>
                <![CDATA[Some Scenario3]]>
              </value>
            </param>
            <param index="3">
              <value>
                <![CDATA[]]>
              </value>
            </param>
            <param index="4">
              <value>
                <![CDATA[]]>
              </value>
            </param>
            <param index="5">
              <value>
                <![CDATA[Parent-k]]>
              </value>
            </param>
            <param index="6">
              <value>
                <![CDATA[N]]>
              </value>
            </param>
            <param index="7">
              <value>
                <![CDATA[]]>
              </value>
            </param>
            <param index="8">
              <value>
                <![CDATA[]]>
              </value>
            </param>
            <param index="9">
              <value>
                <![CDATA[]]>
              </value>
            </param>
            <param index="10">
              <value>
                <![CDATA[Yes]]>
              </value>
            </param>
            <param index="11">
              <value>
                <![CDATA[]]>
              </value>
            </param>
            <param index="12">
              <value>
                <![CDATA[]]>
              </value>
            </param>
            <param index="13">
              <value>
                <![CDATA[No]]>
              </value>
            </param>
            <param index="14">
              <value>
                <![CDATA[]]>
              </value>
            </param>
            <param index="15">
              <value>
                <![CDATA[]]>
              </value>
            </param>
            <param index="16">
              <value>
                <![CDATA[No]]>
              </value>
            </param>
            <param index="17">
              <value>
                <![CDATA[]]>
              </value>
            </param>
            <param index="18">
              <value>
                <![CDATA[]]>
              </value>
            </param>
            <param index="19">
              <value>
                <![CDATA[Yes]]>
              </value>
            </param>
          </params>
          <reporter-output>
          </reporter-output>
        </test-method> <!-- Extractdata -->
        <test-method signature="Extractdata(java.lang.String, java.lang.String, java.lang.String, java.lang.String, java.lang.String, java.lang.String, java.lang.String, java.lang.String, java.lang.String, java.lang.String, java.lang.String, java.lang.String, java.lang.String, java.lang.String, java.lang.String, java.lang.String, java.lang.String, java.lang.String, java.lang.String, java.lang.String)[pri:0, instance:DataDriven.Excel.ExcelTest@30ee2816]" started-at="2025-02-04T11:13:57 IST" name="Extractdata" data-provider="filteredDataProvider" finished-at="2025-02-04T11:13:57 IST" duration-ms="91" status="PASS">
          <params>
            <param index="0">
              <value>
                <![CDATA[]]>
              </value>
            </param>
            <param index="1">
              <value>
                <![CDATA[TC-06]]>
              </value>
            </param>
            <param index="2">
              <value>
                <![CDATA[Some Scenario6]]>
              </value>
            </param>
            <param index="3">
              <value>
                <![CDATA[]]>
              </value>
            </param>
            <param index="4">
              <value>
                <![CDATA[]]>
              </value>
            </param>
            <param index="5">
              <value>
                <![CDATA[Parent-N]]>
              </value>
            </param>
            <param index="6">
              <value>
                <![CDATA[N]]>
              </value>
            </param>
            <param index="7">
              <value>
                <![CDATA[]]>
              </value>
            </param>
            <param index="8">
              <value>
                <![CDATA[]]>
              </value>
            </param>
            <param index="9">
              <value>
                <![CDATA[]]>
              </value>
            </param>
            <param index="10">
              <value>
                <![CDATA[No]]>
              </value>
            </param>
            <param index="11">
              <value>
                <![CDATA[]]>
              </value>
            </param>
            <param index="12">
              <value>
                <![CDATA[]]>
              </value>
            </param>
            <param index="13">
              <value>
                <![CDATA[No]]>
              </value>
            </param>
            <param index="14">
              <value>
                <![CDATA[]]>
              </value>
            </param>
            <param index="15">
              <value>
                <![CDATA[]]>
              </value>
            </param>
            <param index="16">
              <value>
                <![CDATA[Yes]]>
              </value>
            </param>
            <param index="17">
              <value>
                <![CDATA[]]>
              </value>
            </param>
            <param index="18">
              <value>
                <![CDATA[]]>
              </value>
            </param>
            <param index="19">
              <value>
                <![CDATA[Yes]]>
              </value>
            </param>
          </params>
          <reporter-output>
          </reporter-output>
        </test-method> <!-- Extractdata -->
        <test-method signature="Extractdata(java.lang.String, java.lang.String, java.lang.String, java.lang.String, java.lang.String, java.lang.String, java.lang.String, java.lang.String, java.lang.String, java.lang.String, java.lang.String, java.lang.String, java.lang.String, java.lang.String, java.lang.String, java.lang.String, java.lang.String, java.lang.String, java.lang.String, java.lang.String)[pri:0, instance:DataDriven.Excel.ExcelTest@30ee2816]" started-at="2025-02-04T11:13:57 IST" name="Extractdata" data-provider="filteredDataProvider" finished-at="2025-02-04T11:13:57 IST" duration-ms="85" status="PASS">
          <params>
            <param index="0">
              <value>
                <![CDATA[]]>
              </value>
            </param>
            <param index="1">
              <value>
                <![CDATA[TC-07]]>
              </value>
            </param>
            <param index="2">
              <value>
                <![CDATA[Some Scenario7]]>
              </value>
            </param>
            <param index="3">
              <value>
                <![CDATA[]]>
              </value>
            </param>
            <param index="4">
              <value>
                <![CDATA[]]>
              </value>
            </param>
            <param index="5">
              <value>
                <![CDATA[Parent-O]]>
              </value>
            </param>
            <param index="6">
              <value>
                <![CDATA[N]]>
              </value>
            </param>
            <param index="7">
              <value>
                <![CDATA[]]>
              </value>
            </param>
            <param index="8">
              <value>
                <![CDATA[]]>
              </value>
            </param>
            <param index="9">
              <value>
                <![CDATA[]]>
              </value>
            </param>
            <param index="10">
              <value>
                <![CDATA[No]]>
              </value>
            </param>
            <param index="11">
              <value>
                <![CDATA[]]>
              </value>
            </param>
            <param index="12">
              <value>
                <![CDATA[]]>
              </value>
            </param>
            <param index="13">
              <value>
                <![CDATA[No]]>
              </value>
            </param>
            <param index="14">
              <value>
                <![CDATA[]]>
              </value>
            </param>
            <param index="15">
              <value>
                <![CDATA[]]>
              </value>
            </param>
            <param index="16">
              <value>
                <![CDATA[Yes]]>
              </value>
            </param>
            <param index="17">
              <value>
                <![CDATA[]]>
              </value>
            </param>
            <param index="18">
              <value>
                <![CDATA[]]>
              </value>
            </param>
            <param index="19">
              <value>
                <![CDATA[Yes]]>
              </value>
            </param>
          </params>
          <reporter-output>
          </reporter-output>
        </test-method> <!-- Extractdata -->
        <test-method signature="printFilteredData([Ljava.lang.Object;)[pri:0, instance:DataDriven.Excel.ExcelTest@30ee2816]" started-at="2025-02-04T11:13:57 IST" name="printFilteredData" data-provider="filteredDataProvider" finished-at="2025-02-04T11:13:57 IST" duration-ms="10" status="PASS">
          <params>
            <param index="0">
              <value>
                <![CDATA[[Ljava.lang.Object;@1a1da881]]>
              </value>
            </param>
          </params>
          <reporter-output>
          </reporter-output>
        </test-method> <!-- printFilteredData -->
        <test-method signature="printFilteredData([Ljava.lang.Object;)[pri:0, instance:DataDriven.Excel.ExcelTest@30ee2816]" started-at="2025-02-04T11:13:57 IST" name="printFilteredData" data-provider="filteredDataProvider" finished-at="2025-02-04T11:13:57 IST" duration-ms="4" status="PASS">
          <params>
            <param index="0">
              <value>
                <![CDATA[[Ljava.lang.Object;@7fd4acee]]>
              </value>
            </param>
          </params>
          <reporter-output>
          </reporter-output>
        </test-method> <!-- printFilteredData -->
        <test-method signature="printFilteredData([Ljava.lang.Object;)[pri:0, instance:DataDriven.Excel.ExcelTest@30ee2816]" started-at="2025-02-04T11:13:57 IST" name="printFilteredData" data-provider="filteredDataProvider" finished-at="2025-02-04T11:13:57 IST" duration-ms="4" status="PASS">
          <params>
            <param index="0">
              <value>
                <![CDATA[[Ljava.lang.Object;@6175619b]]>
              </value>
            </param>
          </params>
          <reporter-output>
          </reporter-output>
        </test-method> <!-- printFilteredData -->
        <test-method signature="printFilteredData([Ljava.lang.Object;)[pri:0, instance:DataDriven.Excel.ExcelTest@30ee2816]" started-at="2025-02-04T11:13:57 IST" name="printFilteredData" data-provider="filteredDataProvider" finished-at="2025-02-04T11:13:57 IST" duration-ms="6" status="PASS">
          <params>
            <param index="0">
              <value>
                <![CDATA[[Ljava.lang.Object;@756cf158]]>
              </value>
            </param>
          </params>
          <reporter-output>
          </reporter-output>
        </test-method> <!-- printFilteredData -->
        <test-method signature="printFilteredData([Ljava.lang.Object;)[pri:0, instance:DataDriven.Excel.ExcelTest@30ee2816]" started-at="2025-02-04T11:13:57 IST" name="printFilteredData" data-provider="filteredDataProvider" finished-at="2025-02-04T11:13:57 IST" duration-ms="4" status="PASS">
          <params>
            <param index="0">
              <value>
                <![CDATA[[Ljava.lang.Object;@751d3241]]>
              </value>
            </param>
          </params>
          <reporter-output>
          </reporter-output>
        </test-method> <!-- printFilteredData -->
        <test-method signature="printFilteredData([Ljava.lang.Object;)[pri:0, instance:DataDriven.Excel.ExcelTest@30ee2816]" started-at="2025-02-04T11:13:57 IST" name="printFilteredData" data-provider="filteredDataProvider" finished-at="2025-02-04T11:13:57 IST" duration-ms="10" status="PASS">
          <params>
            <param index="0">
              <value>
                <![CDATA[[Ljava.lang.Object;@64337702]]>
              </value>
            </param>
          </params>
          <reporter-output>
          </reporter-output>
        </test-method> <!-- printFilteredData -->
      </class> <!-- DataDriven.Excel.ExcelTest -->
    </test> <!-- Default test -->
  </suite> <!-- Default suite -->
</testng-results>
